::1 - - [15/Jun/2019:10:24:22 +0000] "OPTIONS /notifications/notifications/undefined HTTP/1.1" 204 0
::1 - - [15/Jun/2019:10:24:22 +0000] "GET /notifications/notifications/undefined HTTP/1.1" 400 19
::1 - - [15/Jun/2019:10:24:46 +0000] "OPTIONS /users/login HTTP/1.1" 204 0
::1 - - [15/Jun/2019:10:24:46 +0000] "POST /users/login HTTP/1.1" 200 289
::1 - - [15/Jun/2019:10:24:47 +0000] "GET / HTTP/1.1" 404 16
::1 - - [15/Jun/2019:10:24:47 +0000] "OPTIONS /notifications/notifications/Shumailmehmood1@gmail.com HTTP/1.1" 204 0
::1 - - [15/Jun/2019:10:24:47 +0000] "OPTIONS /users/profile/Shumailmehmood1@gmail.com HTTP/1.1" 204 0
::1 - - [15/Jun/2019:10:24:47 +0000] "GET /notifications/notifications/Shumailmehmood1@gmail.com HTTP/1.1" 400 19
::1 - - [15/Jun/2019:10:24:47 +0000] "GET /users/profile/Shumailmehmood1@gmail.com HTTP/1.1" 400 19
::1 - - [15/Jun/2019:10:24:47 +0000] "GET / HTTP/1.1" 404 16
::1 - - [15/Jun/2019:10:24:48 +0000] "GET /users/profile/Shumailmehmood1@gmail.com HTTP/1.1" 200 427
::1 - - [15/Jun/2019:10:24:49 +0000] "GET /uploads/rabbit.jpg HTTP/1.1" 200 1732134
::1 - - [15/Jun/2019:10:24:49 +0000] "GET /notifications/notifications/Shumailmehmood1@gmail.com HTTP/1.1" 200 668
::1 - - [15/Jun/2019:10:24:54 +0000] "OPTIONS /notifications/notifications/Shumailmehmood1@gmail.com HTTP/1.1" 204 0
::1 - - [15/Jun/2019:10:24:54 +0000] "GET /notifications/notifications/Shumailmehmood1@gmail.com HTTP/1.1" 304 -
::1 - - [15/Jun/2019:10:25:00 +0000] "OPTIONS /notifications/notifications/Shumailmehmood1@gmail.com HTTP/1.1" 204 0
::1 - - [15/Jun/2019:10:25:00 +0000] "GET /notifications/notifications/Shumailmehmood1@gmail.com HTTP/1.1" 304 -
::1 - - [15/Jun/2019:10:25:05 +0000] "GET /notifications/notifications/Shumailmehmood1@gmail.com HTTP/1.1" 304 -
::1 - - [15/Jun/2019:10:25:10 +0000] "OPTIONS /notifications/notifications/Shumailmehmood1@gmail.com HTTP/1.1" 204 0
::1 - - [15/Jun/2019:10:25:10 +0000] "GET /notifications/notifications/Shumailmehmood1@gmail.com HTTP/1.1" 304 -
::1 - - [15/Jun/2019:10:25:15 +0000] "GET /notifications/notifications/Shumailmehmood1@gmail.com HTTP/1.1" 304 -
::1 - - [15/Jun/2019:10:25:20 +0000] "OPTIONS /notifications/notifications/Shumailmehmood1@gmail.com HTTP/1.1" 204 0
::1 - - [15/Jun/2019:10:25:20 +0000] "GET /notifications/notifications/Shumailmehmood1@gmail.com HTTP/1.1" 304 -
::1 - - [15/Jun/2019:10:25:25 +0000] "GET /notifications/notifications/Shumailmehmood1@gmail.com HTTP/1.1" 304 -
::1 - - [15/Jun/2019:10:25:30 +0000] "OPTIONS /notifications/notifications/Shumailmehmood1@gmail.com HTTP/1.1" 204 0
::1 - - [15/Jun/2019:10:25:30 +0000] "GET /notifications/notifications/Shumailmehmood1@gmail.com HTTP/1.1" 304 -
::1 - - [15/Jun/2019:10:25:35 +0000] "GET /notifications/notifications/Shumailmehmood1@gmail.com HTTP/1.1" 304 -
::1 - - [15/Jun/2019:10:25:40 +0000] "OPTIONS /notifications/notifications/Shumailmehmood1@gmail.com HTTP/1.1" 204 0
::1 - - [15/Jun/2019:10:25:40 +0000] "GET /notifications/notifications/Shumailmehmood1@gmail.com HTTP/1.1" 304 -
::1 - - [15/Jun/2019:10:25:45 +0000] "GET /notifications/notifications/Shumailmehmood1@gmail.com HTTP/1.1" 304 -
::1 - - [15/Jun/2019:10:25:50 +0000] "OPTIONS /notifications/notifications/Shumailmehmood1@gmail.com HTTP/1.1" 204 0
::1 - - [15/Jun/2019:10:25:50 +0000] "GET /notifications/notifications/Shumailmehmood1@gmail.com HTTP/1.1" 304 -
::1 - - [15/Jun/2019:10:25:55 +0000] "GET /notifications/notifications/Shumailmehmood1@gmail.com HTTP/1.1" 304 -
::1 - - [15/Jun/2019:10:26:00 +0000] "OPTIONS /notifications/notifications/Shumailmehmood1@gmail.com HTTP/1.1" 204 0
::1 - - [15/Jun/2019:10:26:00 +0000] "GET /notifications/notifications/Shumailmehmood1@gmail.com HTTP/1.1" 304 -
::1 - - [15/Jun/2019:10:26:05 +0000] "GET /notifications/notifications/Shumailmehmood1@gmail.com HTTP/1.1" 304 -
::1 - - [15/Jun/2019:10:26:10 +0000] "OPTIONS /notifications/notifications/Shumailmehmood1@gmail.com HTTP/1.1" 204 0
::1 - - [15/Jun/2019:10:26:10 +0000] "GET /notifications/notifications/Shumailmehmood1@gmail.com HTTP/1.1" 304 -
::1 - - [15/Jun/2019:10:26:15 +0000] "GET /notifications/notifications/Shumailmehmood1@gmail.com HTTP/1.1" 304 -
::1 - - [15/Jun/2019:10:26:20 +0000] "OPTIONS /notifications/notifications/Shumailmehmood1@gmail.com HTTP/1.1" 204 0
::1 - - [15/Jun/2019:10:26:20 +0000] "GET /notifications/notifications/Shumailmehmood1@gmail.com HTTP/1.1" 304 -
::1 - - [15/Jun/2019:10:26:25 +0000] "GET /notifications/notifications/Shumailmehmood1@gmail.com HTTP/1.1" 304 -
::1 - - [15/Jun/2019:10:26:30 +0000] "OPTIONS /notifications/notifications/Shumailmehmood1@gmail.com HTTP/1.1" 204 0
::1 - - [15/Jun/2019:10:26:30 +0000] "GET /notifications/notifications/Shumailmehmood1@gmail.com HTTP/1.1" 304 -
::1 - - [15/Jun/2019:10:26:35 +0000] "GET /notifications/notifications/Shumailmehmood1@gmail.com HTTP/1.1" 304 -
::1 - - [15/Jun/2019:10:26:40 +0000] "OPTIONS /notifications/notifications/Shumailmehmood1@gmail.com HTTP/1.1" 204 0
::1 - - [15/Jun/2019:10:26:40 +0000] "GET /notifications/notifications/Shumailmehmood1@gmail.com HTTP/1.1" 304 -
::1 - - [15/Jun/2019:10:26:45 +0000] "GET /notifications/notifications/Shumailmehmood1@gmail.com HTTP/1.1" 304 -
::1 - - [15/Jun/2019:10:26:50 +0000] "OPTIONS /notifications/notifications/Shumailmehmood1@gmail.com HTTP/1.1" 204 0
::1 - - [15/Jun/2019:10:26:50 +0000] "GET /notifications/notifications/Shumailmehmood1@gmail.com HTTP/1.1" 304 -
::1 - - [15/Jun/2019:10:26:55 +0000] "GET /notifications/notifications/Shumailmehmood1@gmail.com HTTP/1.1" 304 -
::1 - - [15/Jun/2019:10:27:00 +0000] "OPTIONS /notifications/notifications/Shumailmehmood1@gmail.com HTTP/1.1" 204 0
::1 - - [15/Jun/2019:10:27:00 +0000] "GET /notifications/notifications/Shumailmehmood1@gmail.com HTTP/1.1" 304 -
::1 - - [15/Jun/2019:10:27:05 +0000] "GET /notifications/notifications/Shumailmehmood1@gmail.com HTTP/1.1" 304 -
::1 - - [15/Jun/2019:10:27:10 +0000] "OPTIONS /notifications/notifications/Shumailmehmood1@gmail.com HTTP/1.1" 204 0
::1 - - [15/Jun/2019:10:27:10 +0000] "GET /notifications/notifications/Shumailmehmood1@gmail.com HTTP/1.1" 304 -
::1 - - [15/Jun/2019:10:27:15 +0000] "GET /notifications/notifications/Shumailmehmood1@gmail.com HTTP/1.1" 304 -
::1 - - [15/Jun/2019:10:27:20 +0000] "OPTIONS /notifications/notifications/Shumailmehmood1@gmail.com HTTP/1.1" 204 0
::1 - - [15/Jun/2019:10:27:20 +0000] "GET /notifications/notifications/Shumailmehmood1@gmail.com HTTP/1.1" 304 -
::1 - - [15/Jun/2019:10:27:25 +0000] "GET /notifications/notifications/Shumailmehmood1@gmail.com HTTP/1.1" 304 -
::1 - - [15/Jun/2019:10:27:30 +0000] "OPTIONS /notifications/notifications/Shumailmehmood1@gmail.com HTTP/1.1" 204 0
::1 - - [15/Jun/2019:10:27:30 +0000] "GET /notifications/notifications/Shumailmehmood1@gmail.com HTTP/1.1" 304 -
::1 - - [15/Jun/2019:10:27:35 +0000] "GET /notifications/notifications/Shumailmehmood1@gmail.com HTTP/1.1" 304 -
::1 - - [15/Jun/2019:10:27:40 +0000] "OPTIONS /notifications/notifications/Shumailmehmood1@gmail.com HTTP/1.1" 204 0
::1 - - [15/Jun/2019:10:27:40 +0000] "GET /notifications/notifications/Shumailmehmood1@gmail.com HTTP/1.1" 304 -
::1 - - [15/Jun/2019:10:27:45 +0000] "GET /notifications/notifications/Shumailmehmood1@gmail.com HTTP/1.1" 304 -
::1 - - [15/Jun/2019:10:27:50 +0000] "OPTIONS /notifications/notifications/Shumailmehmood1@gmail.com HTTP/1.1" 204 0
::1 - - [15/Jun/2019:10:27:50 +0000] "GET /notifications/notifications/Shumailmehmood1@gmail.com HTTP/1.1" 304 -
::1 - - [15/Jun/2019:10:27:55 +0000] "GET /notifications/notifications/Shumailmehmood1@gmail.com HTTP/1.1" 304 -
::1 - - [15/Jun/2019:10:28:00 +0000] "OPTIONS /notifications/notifications/Shumailmehmood1@gmail.com HTTP/1.1" 204 0
::1 - - [15/Jun/2019:10:28:00 +0000] "GET /notifications/notifications/Shumailmehmood1@gmail.com HTTP/1.1" 304 -
::1 - - [15/Jun/2019:10:28:05 +0000] "GET /notifications/notifications/Shumailmehmood1@gmail.com HTTP/1.1" 304 -
::1 - - [15/Jun/2019:10:28:10 +0000] "OPTIONS /notifications/notifications/Shumailmehmood1@gmail.com HTTP/1.1" 204 0
::1 - - [15/Jun/2019:10:28:10 +0000] "GET /notifications/notifications/Shumailmehmood1@gmail.com HTTP/1.1" 304 -
::1 - - [15/Jun/2019:10:28:15 +0000] "GET /notifications/notifications/Shumailmehmood1@gmail.com HTTP/1.1" 304 -
::1 - - [15/Jun/2019:10:29:43 +0000] "GET / HTTP/1.1" 404 16
::1 - - [15/Jun/2019:10:29:43 +0000] "OPTIONS /notifications/notifications/Shumailmehmood1@gmail.com HTTP/1.1" 204 0
::1 - - [15/Jun/2019:10:29:43 +0000] "OPTIONS /users/profile/Shumailmehmood1@gmail.com HTTP/1.1" 204 0
::1 - - [15/Jun/2019:10:29:43 +0000] "GET /users/profile/Shumailmehmood1@gmail.com HTTP/1.1" 304 -
::1 - - [15/Jun/2019:10:29:43 +0000] "GET /notifications/notifications/Shumailmehmood1@gmail.com HTTP/1.1" 304 -
::1 - - [15/Jun/2019:10:29:43 +0000] "GET /uploads/rabbit.jpg HTTP/1.1" 304 -
::1 - - [15/Jun/2019:10:29:49 +0000] "OPTIONS /notifications/notifications/Shumailmehmood1@gmail.com HTTP/1.1" 204 0
::1 - - [15/Jun/2019:10:29:49 +0000] "GET /notifications/notifications/Shumailmehmood1@gmail.com HTTP/1.1" 304 -
::1 - - [15/Jun/2019:10:29:54 +0000] "GET /notifications/notifications/Shumailmehmood1@gmail.com HTTP/1.1" 304 -
::1 - - [15/Jun/2019:10:29:59 +0000] "OPTIONS /notifications/notifications/Shumailmehmood1@gmail.com HTTP/1.1" 204 0
::1 - - [15/Jun/2019:10:29:59 +0000] "GET /notifications/notifications/Shumailmehmood1@gmail.com HTTP/1.1" 304 -
::1 - - [15/Jun/2019:10:30:04 +0000] "GET /notifications/notifications/Shumailmehmood1@gmail.com HTTP/1.1" 304 -
::1 - - [15/Jun/2019:10:30:09 +0000] "OPTIONS /notifications/notifications/Shumailmehmood1@gmail.com HTTP/1.1" 204 0
::1 - - [15/Jun/2019:10:30:09 +0000] "GET /notifications/notifications/Shumailmehmood1@gmail.com HTTP/1.1" 304 -
::1 - - [15/Jun/2019:10:30:14 +0000] "GET /notifications/notifications/Shumailmehmood1@gmail.com HTTP/1.1" 304 -
::1 - - [15/Jun/2019:10:30:19 +0000] "OPTIONS /notifications/notifications/Shumailmehmood1@gmail.com HTTP/1.1" 204 0
::1 - - [15/Jun/2019:10:30:19 +0000] "GET /notifications/notifications/Shumailmehmood1@gmail.com HTTP/1.1" 304 -
::1 - - [15/Jun/2019:10:30:24 +0000] "GET /notifications/notifications/Shumailmehmood1@gmail.com HTTP/1.1" 304 -
::1 - - [15/Jun/2019:10:30:29 +0000] "OPTIONS /notifications/notifications/Shumailmehmood1@gmail.com HTTP/1.1" 204 0
::1 - - [15/Jun/2019:10:30:29 +0000] "GET /notifications/notifications/Shumailmehmood1@gmail.com HTTP/1.1" 304 -
::1 - - [15/Jun/2019:10:30:34 +0000] "GET /notifications/notifications/Shumailmehmood1@gmail.com HTTP/1.1" 304 -
::1 - - [15/Jun/2019:10:30:39 +0000] "OPTIONS /notifications/notifications/Shumailmehmood1@gmail.com HTTP/1.1" 204 0
::1 - - [15/Jun/2019:10:30:39 +0000] "GET /notifications/notifications/Shumailmehmood1@gmail.com HTTP/1.1" 304 -
::1 - - [15/Jun/2019:10:30:44 +0000] "GET /notifications/notifications/Shumailmehmood1@gmail.com HTTP/1.1" 304 -
::1 - - [15/Jun/2019:10:30:49 +0000] "OPTIONS /notifications/notifications/Shumailmehmood1@gmail.com HTTP/1.1" 204 0
::1 - - [15/Jun/2019:10:30:49 +0000] "GET /notifications/notifications/Shumailmehmood1@gmail.com HTTP/1.1" 304 -
::1 - - [15/Jun/2019:10:30:54 +0000] "GET /notifications/notifications/Shumailmehmood1@gmail.com HTTP/1.1" 304 -
::1 - - [15/Jun/2019:10:30:59 +0000] "OPTIONS /notifications/notifications/Shumailmehmood1@gmail.com HTTP/1.1" 204 0
::1 - - [15/Jun/2019:10:30:59 +0000] "GET /notifications/notifications/Shumailmehmood1@gmail.com HTTP/1.1" 304 -
::1 - - [15/Jun/2019:10:31:04 +0000] "GET /notifications/notifications/Shumailmehmood1@gmail.com HTTP/1.1" 304 -
::1 - - [15/Jun/2019:10:31:09 +0000] "OPTIONS /notifications/notifications/Shumailmehmood1@gmail.com HTTP/1.1" 204 0
::1 - - [15/Jun/2019:10:31:09 +0000] "GET /notifications/notifications/Shumailmehmood1@gmail.com HTTP/1.1" 304 -
::1 - - [15/Jun/2019:10:31:14 +0000] "GET /notifications/notifications/Shumailmehmood1@gmail.com HTTP/1.1" 304 -
::1 - - [15/Jun/2019:10:31:19 +0000] "OPTIONS /notifications/notifications/Shumailmehmood1@gmail.com HTTP/1.1" 204 0
::1 - - [15/Jun/2019:10:31:19 +0000] "GET /notifications/notifications/Shumailmehmood1@gmail.com HTTP/1.1" 304 -
::1 - - [15/Jun/2019:10:31:24 +0000] "GET /notifications/notifications/Shumailmehmood1@gmail.com HTTP/1.1" 304 -
::1 - - [15/Jun/2019:10:31:29 +0000] "OPTIONS /notifications/notifications/Shumailmehmood1@gmail.com HTTP/1.1" 204 0
::1 - - [15/Jun/2019:10:31:29 +0000] "GET /notifications/notifications/Shumailmehmood1@gmail.com HTTP/1.1" 304 -
::1 - - [15/Jun/2019:10:31:34 +0000] "GET /notifications/notifications/Shumailmehmood1@gmail.com HTTP/1.1" 304 -
::1 - - [15/Jun/2019:10:31:39 +0000] "OPTIONS /notifications/notifications/Shumailmehmood1@gmail.com HTTP/1.1" 204 0
::1 - - [15/Jun/2019:10:31:39 +0000] "GET /notifications/notifications/Shumailmehmood1@gmail.com HTTP/1.1" 304 -
::1 - - [15/Jun/2019:10:31:44 +0000] "GET /notifications/notifications/Shumailmehmood1@gmail.com HTTP/1.1" 304 -
::1 - - [15/Jun/2019:10:31:49 +0000] "OPTIONS /notifications/notifications/Shumailmehmood1@gmail.com HTTP/1.1" 204 0
::1 - - [15/Jun/2019:10:31:49 +0000] "GET /notifications/notifications/Shumailmehmood1@gmail.com HTTP/1.1" 304 -
::1 - - [15/Jun/2019:10:31:54 +0000] "GET /notifications/notifications/Shumailmehmood1@gmail.com HTTP/1.1" 304 -
::1 - - [15/Jun/2019:10:31:57 +0000] "OPTIONS /leave/faculty_hod/Shumailmehmood1@gmail.com HTTP/1.1" 204 0
::1 - - [15/Jun/2019:10:31:57 +0000] "OPTIONS /users/find_admin HTTP/1.1" 204 0
::1 - - [15/Jun/2019:10:31:57 +0000] "GET /leave/faculty_hod/Shumailmehmood1@gmail.com HTTP/1.1" 200 603
::1 - - [15/Jun/2019:10:31:57 +0000] "GET /users/find_admin HTTP/1.1" 200 62
::1 - - [15/Jun/2019:10:31:57 +0000] "OPTIONS /forum/ HTTP/1.1" 204 0
::1 - - [15/Jun/2019:10:31:57 +0000] "GET /forum/ HTTP/1.1" 200 323
::1 - - [15/Jun/2019:10:31:58 +0000] "OPTIONS /paper/email HTTP/1.1" 204 0
::1 - - [15/Jun/2019:10:31:58 +0000] "OPTIONS /paper/faculty/Shumailmehmood1@gmail.com HTTP/1.1" 204 0
::1 - - [15/Jun/2019:10:31:58 +0000] "GET /paper/faculty/Shumailmehmood1@gmail.com HTTP/1.1" 200 268
::1 - - [15/Jun/2019:10:31:58 +0000] "GET /paper/email HTTP/1.1" 200 60
::1 - - [15/Jun/2019:10:31:58 +0000] "OPTIONS /notifications/notifications/Shumailmehmood1@gmail.com HTTP/1.1" 204 0
::1 - - [15/Jun/2019:10:31:58 +0000] "GET /notifications/notifications/Shumailmehmood1@gmail.com HTTP/1.1" 304 -
::1 - - [15/Jun/2019:10:31:59 +0000] "GET /forum/ HTTP/1.1" 304 -
::1 - - [15/Jun/2019:10:32:00 +0000] "GET /leave/faculty_hod/Shumailmehmood1@gmail.com HTTP/1.1" 304 -
::1 - - [15/Jun/2019:10:32:00 +0000] "GET /users/find_admin HTTP/1.1" 304 -
::1 - - [15/Jun/2019:10:32:00 +0000] "GET / HTTP/1.1" 404 16
::1 - - [15/Jun/2019:10:32:00 +0000] "OPTIONS /users/profile/Shumailmehmood1@gmail.com HTTP/1.1" 204 0
::1 - - [15/Jun/2019:10:32:00 +0000] "GET /users/profile/Shumailmehmood1@gmail.com HTTP/1.1" 304 -
::1 - - [15/Jun/2019:10:32:00 +0000] "GET /uploads/rabbit.jpg HTTP/1.1" 304 -
::1 - - [15/Jun/2019:10:32:01 +0000] "GET /leave/faculty_hod/Shumailmehmood1@gmail.com HTTP/1.1" 304 -
::1 - - [15/Jun/2019:10:32:01 +0000] "GET /users/find_admin HTTP/1.1" 304 -
::1 - - [15/Jun/2019:10:32:02 +0000] "GET /forum/ HTTP/1.1" 304 -
::1 - - [15/Jun/2019:10:32:04 +0000] "OPTIONS /notifications/notifications/Shumailmehmood1@gmail.com HTTP/1.1" 204 0
::1 - - [15/Jun/2019:10:32:04 +0000] "GET /notifications/notifications/Shumailmehmood1@gmail.com HTTP/1.1" 304 -
::1 - - [15/Jun/2019:10:32:09 +0000] "GET /notifications/notifications/Shumailmehmood1@gmail.com HTTP/1.1" 304 -
::1 - - [15/Jun/2019:10:32:14 +0000] "OPTIONS /notifications/notifications/Shumailmehmood1@gmail.com HTTP/1.1" 204 0
::1 - - [15/Jun/2019:10:32:14 +0000] "GET /notifications/notifications/Shumailmehmood1@gmail.com HTTP/1.1" 304 -
::1 - - [15/Jun/2019:10:32:19 +0000] "GET /notifications/notifications/Shumailmehmood1@gmail.com HTTP/1.1" 304 -
::1 - - [15/Jun/2019:10:32:24 +0000] "OPTIONS /notifications/notifications/Shumailmehmood1@gmail.com HTTP/1.1" 204 0
::1 - - [15/Jun/2019:10:32:24 +0000] "GET /notifications/notifications/Shumailmehmood1@gmail.com HTTP/1.1" 304 -
::1 - - [15/Jun/2019:10:32:29 +0000] "GET /notifications/notifications/Shumailmehmood1@gmail.com HTTP/1.1" 304 -
::1 - - [15/Jun/2019:10:32:34 +0000] "OPTIONS /notifications/notifications/Shumailmehmood1@gmail.com HTTP/1.1" 204 0
::1 - - [15/Jun/2019:10:32:34 +0000] "GET /notifications/notifications/Shumailmehmood1@gmail.com HTTP/1.1" 304 -
::1 - - [15/Jun/2019:10:32:39 +0000] "GET /notifications/notifications/Shumailmehmood1@gmail.com HTTP/1.1" 304 -
::1 - - [15/Jun/2019:10:32:43 +0000] "OPTIONS /notifications/notifications/Shumailmehmood1@gmail.com HTTP/1.1" 204 0
::1 - - [15/Jun/2019:10:32:43 +0000] "GET /notifications/notifications/Shumailmehmood1@gmail.com HTTP/1.1" 304 -
::1 - - [15/Jun/2019:10:32:45 +0000] "OPTIONS /forum/create_forum HTTP/1.1" 204 0
::1 - - [15/Jun/2019:10:32:45 +0000] "POST /forum/create_forum HTTP/1.1" 200 28
::1 - - [15/Jun/2019:10:32:45 +0000] "OPTIONS /forum/ HTTP/1.1" 204 0
::1 - - [15/Jun/2019:10:32:45 +0000] "GET /forum/ HTTP/1.1" 200 424
::1 - - [15/Jun/2019:10:32:48 +0000] "GET /notifications/notifications/Shumailmehmood1@gmail.com HTTP/1.1" 304 -
::1 - - [15/Jun/2019:10:32:53 +0000] "OPTIONS /notifications/notifications/Shumailmehmood1@gmail.com HTTP/1.1" 204 0
::1 - - [15/Jun/2019:10:32:53 +0000] "GET /notifications/notifications/Shumailmehmood1@gmail.com HTTP/1.1" 304 -
::1 - - [15/Jun/2019:10:32:57 +0000] "OPTIONS /paper/email HTTP/1.1" 204 0
::1 - - [15/Jun/2019:10:32:57 +0000] "OPTIONS /paper/faculty/Shumailmehmood1@gmail.com HTTP/1.1" 204 0
::1 - - [15/Jun/2019:10:32:57 +0000] "GET /paper/email HTTP/1.1" 304 -
::1 - - [15/Jun/2019:10:32:57 +0000] "GET /paper/faculty/Shumailmehmood1@gmail.com HTTP/1.1" 304 -
::1 - - [15/Jun/2019:10:32:58 +0000] "GET /notifications/notifications/Shumailmehmood1@gmail.com HTTP/1.1" 304 -
::1 - - [15/Jun/2019:10:33:03 +0000] "OPTIONS /notifications/notifications/Shumailmehmood1@gmail.com HTTP/1.1" 204 0
::1 - - [15/Jun/2019:10:33:03 +0000] "GET /notifications/notifications/Shumailmehmood1@gmail.com HTTP/1.1" 304 -
::1 - - [15/Jun/2019:10:33:08 +0000] "GET /notifications/notifications/Shumailmehmood1@gmail.com HTTP/1.1" 304 -
::1 - - [15/Jun/2019:10:33:13 +0000] "OPTIONS /notifications/notifications/Shumailmehmood1@gmail.com HTTP/1.1" 204 0
::1 - - [15/Jun/2019:10:33:13 +0000] "GET /notifications/notifications/Shumailmehmood1@gmail.com HTTP/1.1" 304 -
::1 - - [15/Jun/2019:10:33:18 +0000] "GET /notifications/notifications/Shumailmehmood1@gmail.com HTTP/1.1" 304 -
::1 - - [15/Jun/2019:10:33:23 +0000] "OPTIONS /notifications/notifications/Shumailmehmood1@gmail.com HTTP/1.1" 204 0
::1 - - [15/Jun/2019:10:33:23 +0000] "GET /notifications/notifications/Shumailmehmood1@gmail.com HTTP/1.1" 304 -
::1 - - [15/Jun/2019:10:33:26 +0000] "OPTIONS /forum/ HTTP/1.1" 204 0
::1 - - [15/Jun/2019:10:33:26 +0000] "GET /forum/ HTTP/1.1" 304 -
::1 - - [15/Jun/2019:10:33:26 +0000] "OPTIONS /leave/faculty_hod/Shumailmehmood1@gmail.com HTTP/1.1" 204 0
::1 - - [15/Jun/2019:10:33:26 +0000] "OPTIONS /users/find_admin HTTP/1.1" 204 0
::1 - - [15/Jun/2019:10:33:26 +0000] "GET /leave/faculty_hod/Shumailmehmood1@gmail.com HTTP/1.1" 304 -
::1 - - [15/Jun/2019:10:33:26 +0000] "GET /users/find_admin HTTP/1.1" 304 -
::1 - - [15/Jun/2019:10:33:26 +0000] "GET / HTTP/1.1" 404 16
::1 - - [15/Jun/2019:10:33:26 +0000] "OPTIONS /users/profile/Shumailmehmood1@gmail.com HTTP/1.1" 204 0
::1 - - [15/Jun/2019:10:33:27 +0000] "GET /users/profile/Shumailmehmood1@gmail.com HTTP/1.1" 304 -
::1 - - [15/Jun/2019:10:33:27 +0000] "GET /uploads/rabbit.jpg HTTP/1.1" 304 -
::1 - - [15/Jun/2019:10:33:27 +0000] "GET /leave/faculty_hod/Shumailmehmood1@gmail.com HTTP/1.1" 304 -
::1 - - [15/Jun/2019:10:33:27 +0000] "GET /users/find_admin HTTP/1.1" 304 -
::1 - - [15/Jun/2019:10:33:28 +0000] "GET /forum/ HTTP/1.1" 304 -
::1 - - [15/Jun/2019:10:33:28 +0000] "OPTIONS /paper/email HTTP/1.1" 204 0
::1 - - [15/Jun/2019:10:33:28 +0000] "OPTIONS /paper/faculty/Shumailmehmood1@gmail.com HTTP/1.1" 204 0
::1 - - [15/Jun/2019:10:33:28 +0000] "GET /paper/faculty/Shumailmehmood1@gmail.com HTTP/1.1" 304 -
::1 - - [15/Jun/2019:10:33:28 +0000] "GET /paper/email HTTP/1.1" 304 -
::1 - - [15/Jun/2019:10:33:28 +0000] "GET /notifications/notifications/Shumailmehmood1@gmail.com HTTP/1.1" 304 -
::1 - - [15/Jun/2019:10:33:29 +0000] "GET /forum/ HTTP/1.1" 304 -
::1 - - [15/Jun/2019:10:33:30 +0000] "GET /leave/faculty_hod/Shumailmehmood1@gmail.com HTTP/1.1" 304 -
::1 - - [15/Jun/2019:10:33:30 +0000] "GET /users/find_admin HTTP/1.1" 304 -
::1 - - [15/Jun/2019:10:33:31 +0000] "OPTIONS /forum/ HTTP/1.1" 204 0
::1 - - [15/Jun/2019:10:33:31 +0000] "GET /forum/ HTTP/1.1" 304 -
::1 - - [15/Jun/2019:10:33:31 +0000] "GET /paper/email HTTP/1.1" 304 -
::1 - - [15/Jun/2019:10:33:31 +0000] "GET /paper/faculty/Shumailmehmood1@gmail.com HTTP/1.1" 304 -
::1 - - [15/Jun/2019:10:33:33 +0000] "OPTIONS /notifications/notifications/Shumailmehmood1@gmail.com HTTP/1.1" 204 0
::1 - - [15/Jun/2019:10:33:33 +0000] "GET /notifications/notifications/Shumailmehmood1@gmail.com HTTP/1.1" 304 -
::1 - - [15/Jun/2019:10:33:38 +0000] "GET /notifications/notifications/Shumailmehmood1@gmail.com HTTP/1.1" 304 -
::1 - - [15/Jun/2019:10:33:43 +0000] "OPTIONS /notifications/notifications/Shumailmehmood1@gmail.com HTTP/1.1" 204 0
::1 - - [15/Jun/2019:10:33:43 +0000] "GET /notifications/notifications/Shumailmehmood1@gmail.com HTTP/1.1" 304 -
::1 - - [15/Jun/2019:10:33:49 +0000] "OPTIONS /notifications/notifications/Shumailmehmood1@gmail.com HTTP/1.1" 204 0
::1 - - [15/Jun/2019:10:33:49 +0000] "GET /notifications/notifications/Shumailmehmood1@gmail.com HTTP/1.1" 304 -
::1 - - [15/Jun/2019:10:33:54 +0000] "GET /notifications/notifications/Shumailmehmood1@gmail.com HTTP/1.1" 304 -
::1 - - [15/Jun/2019:10:33:59 +0000] "OPTIONS /notifications/notifications/Shumailmehmood1@gmail.com HTTP/1.1" 204 0
::1 - - [15/Jun/2019:10:33:59 +0000] "GET /notifications/notifications/Shumailmehmood1@gmail.com HTTP/1.1" 304 -
::1 - - [15/Jun/2019:10:34:04 +0000] "GET /notifications/notifications/Shumailmehmood1@gmail.com HTTP/1.1" 304 -
::1 - - [15/Jun/2019:10:34:09 +0000] "OPTIONS /notifications/notifications/Shumailmehmood1@gmail.com HTTP/1.1" 204 0
::1 - - [15/Jun/2019:10:34:09 +0000] "GET /notifications/notifications/Shumailmehmood1@gmail.com HTTP/1.1" 304 -
::1 - - [15/Jun/2019:10:34:14 +0000] "GET /notifications/notifications/Shumailmehmood1@gmail.com HTTP/1.1" 304 -
::1 - - [15/Jun/2019:10:34:19 +0000] "OPTIONS /notifications/notifications/Shumailmehmood1@gmail.com HTTP/1.1" 204 0
::1 - - [15/Jun/2019:10:34:19 +0000] "GET /notifications/notifications/Shumailmehmood1@gmail.com HTTP/1.1" 304 -
::1 - - [15/Jun/2019:10:34:24 +0000] "GET /notifications/notifications/Shumailmehmood1@gmail.com HTTP/1.1" 304 -
::1 - - [15/Jun/2019:10:34:29 +0000] "OPTIONS /notifications/notifications/Shumailmehmood1@gmail.com HTTP/1.1" 204 0
::1 - - [15/Jun/2019:10:34:29 +0000] "GET /notifications/notifications/Shumailmehmood1@gmail.com HTTP/1.1" 304 -
::1 - - [15/Jun/2019:10:34:34 +0000] "GET /notifications/notifications/Shumailmehmood1@gmail.com HTTP/1.1" 304 -
::1 - - [15/Jun/2019:10:34:39 +0000] "OPTIONS /notifications/notifications/Shumailmehmood1@gmail.com HTTP/1.1" 204 0
::1 - - [15/Jun/2019:10:34:39 +0000] "GET /notifications/notifications/Shumailmehmood1@gmail.com HTTP/1.1" 304 -
::1 - - [15/Jun/2019:10:34:44 +0000] "GET /notifications/notifications/Shumailmehmood1@gmail.com HTTP/1.1" 304 -
::1 - - [15/Jun/2019:10:34:49 +0000] "OPTIONS /notifications/notifications/Shumailmehmood1@gmail.com HTTP/1.1" 204 0
::1 - - [15/Jun/2019:10:34:49 +0000] "GET /notifications/notifications/Shumailmehmood1@gmail.com HTTP/1.1" 304 -
::1 - - [15/Jun/2019:10:34:54 +0000] "GET /notifications/notifications/Shumailmehmood1@gmail.com HTTP/1.1" 304 -
::1 - - [15/Jun/2019:10:34:59 +0000] "OPTIONS /notifications/notifications/Shumailmehmood1@gmail.com HTTP/1.1" 204 0
::1 - - [15/Jun/2019:10:34:59 +0000] "GET /notifications/notifications/Shumailmehmood1@gmail.com HTTP/1.1" 304 -
::1 - - [15/Jun/2019:10:35:04 +0000] "GET /notifications/notifications/Shumailmehmood1@gmail.com HTTP/1.1" 304 -
::1 - - [15/Jun/2019:10:35:09 +0000] "OPTIONS /notifications/notifications/Shumailmehmood1@gmail.com HTTP/1.1" 204 0
::1 - - [15/Jun/2019:10:35:09 +0000] "GET /notifications/notifications/Shumailmehmood1@gmail.com HTTP/1.1" 304 -
::1 - - [15/Jun/2019:10:35:14 +0000] "GET /notifications/notifications/Shumailmehmood1@gmail.com HTTP/1.1" 304 -
::1 - - [15/Jun/2019:10:35:19 +0000] "OPTIONS /notifications/notifications/Shumailmehmood1@gmail.com HTTP/1.1" 204 0
::1 - - [15/Jun/2019:10:35:19 +0000] "GET /notifications/notifications/Shumailmehmood1@gmail.com HTTP/1.1" 304 -
::1 - - [15/Jun/2019:10:35:24 +0000] "GET /notifications/notifications/Shumailmehmood1@gmail.com HTTP/1.1" 304 -
::1 - - [15/Jun/2019:10:35:29 +0000] "OPTIONS /notifications/notifications/Shumailmehmood1@gmail.com HTTP/1.1" 204 0
::1 - - [15/Jun/2019:10:35:29 +0000] "GET /notifications/notifications/Shumailmehmood1@gmail.com HTTP/1.1" 304 -
::1 - - [15/Jun/2019:10:35:34 +0000] "GET /notifications/notifications/Shumailmehmood1@gmail.com HTTP/1.1" 304 -
::1 - - [15/Jun/2019:10:35:39 +0000] "OPTIONS /notifications/notifications/Shumailmehmood1@gmail.com HTTP/1.1" 204 0
::1 - - [15/Jun/2019:10:35:39 +0000] "GET /notifications/notifications/Shumailmehmood1@gmail.com HTTP/1.1" 304 -
::1 - - [15/Jun/2019:10:35:44 +0000] "GET /notifications/notifications/Shumailmehmood1@gmail.com HTTP/1.1" 304 -
